<?xml version="1.0" encoding="UTF-8"?>
<!-- Generated by org.testng.reporters.JUnitReportReporter -->
<testsuite hostname="Jaclyns-MacBook-Pro.local" name="test.java.WebApplicationTest" tests="1" failures="0" timestamp="31 Oct 2014 06:20:11 GMT" time="1.064" errors="0">
  <testcase name="test" time="1.064" classname="test.java.WebApplicationTest"/>
</testsuite>
