<?xml version="1.0" encoding="UTF-8"?>
<!-- Generated by org.testng.reporters.JUnitReportReporter -->
<testsuite hostname="Jaclyns-MacBook-Pro.local" name="test.java.StartTest" tests="4" failures="0" timestamp="31 Oct 2014 04:17:37 GMT" time="0.115" errors="0">
  <testcase name="testThreadStart" time="0.047" classname="test.java.StartTest"/>
  <testcase name="testStart" time="0.058" classname="test.java.StartTest"/>
  <testcase name="testMonitor" time="0.009" classname="test.java.StartTest"/>
  <testcase name="testSetHandler" time="0.001" classname="test.java.StartTest"/>
</testsuite>
