<?xml version="1.0" encoding="UTF-8"?>
<!-- Generated by org.testng.reporters.JUnitReportReporter -->
<testsuite hostname="Jaclyns-MacBook-Pro.local" name="test.java.StartTest" tests="4" failures="0" timestamp="31 Oct 2014 06:20:11 GMT" time="0.387" errors="0">
  <testcase name="testStart" time="0.214" classname="test.java.StartTest"/>
  <testcase name="testThreadStart" time="0.149" classname="test.java.StartTest"/>
  <testcase name="testMonitor" time="0.024" classname="test.java.StartTest"/>
  <testcase name="testSetHandler" time="0.000" classname="test.java.StartTest"/>
</testsuite>
