<?xml version="1.0" encoding="UTF-8"?>
<!-- Generated by org.testng.reporters.JUnitReportReporter -->
<testsuite hostname="Jaclyns-MacBook-Pro.local" name="test.java.StopTest" tests="1" failures="0" timestamp="31 Oct 2014 06:20:11 GMT" time="0.004" errors="0">
  <testcase name="testStop" time="0.004" classname="test.java.StopTest"/>
</testsuite>
