<?xml version="1.0" encoding="UTF-8"?>
<!-- Generated by org.testng.reporters.JUnitReportReporter -->
<testsuite hostname="Jaclyns-MacBook-Pro.local" name="test.java.WebApplicationTest" tests="1" failures="0" timestamp="31 Oct 2014 04:17:37 GMT" time="0.278" errors="0">
  <testcase name="test" time="0.278" classname="test.java.WebApplicationTest"/>
</testsuite>
